#
# There is insufficient memory for the Java Runtime Environment to continue.
# Native memory allocation (mmap) failed to map 132120576 bytes for G1 virtual space
# Possible reasons:
#   The system is out of physical RAM or swap space
#   The process is running with CompressedOops enabled, and the Java Heap may be blocking the growth of the native heap
# Possible solutions:
#   Reduce memory load on the system
#   Increase physical memory or swap space
#   Check if swap backing store is full
#   Decrease Java heap size (-Xmx/-Xms)
#   Decrease number of Java threads
#   Decrease Java thread stack sizes (-Xss)
#   Set larger code cache with -XX:ReservedCodeCacheSize=
#   JVM is running with Unscaled Compressed Oops mode in which the Java heap is
#     placed in the first 4GB address space. The Java Heap base address is the
#     maximum limit for the native heap growth. Please use -XX:HeapBaseMinAddress
#     to set the Java Heap base and to place the Java Heap above 4GB virtual address.
# This output file may be truncated or incomplete.
#
#  Out of Memory Error (os_windows.cpp:3825), pid=4164, tid=7596
#
# JRE version:  (17.0.9+7) (build )
# Java VM: OpenJDK 64-Bit Server VM (17.0.9+7-b1087.7, mixed mode, sharing, tiered, compressed oops, compressed class ptrs, g1 gc, windows-amd64)
# No core dump will be written. Minidumps are not enabled by default on client versions of Windows
#

---------------  S U M M A R Y ------------

Command Line: git4idea.http.GitAskPassApp Username for 'https://github.com': 

Host: Intel(R) Core(TM) i3-1005G1 CPU @ 1.20GHz, 4 cores, 7G,  Windows 11 , 64 bit Build 22621 (10.0.22621.2506)
Time: Wed Dec 20 21:42:09 2023 India Standard Time elapsed time: 0.014416 seconds (0d 0h 0m 0s)

---------------  T H R E A D  ---------------

Current thread (0x0000020d0d1d6670):  JavaThread "Unknown thread" [_thread_in_vm, id=7596, stack(0x0000001fb2600000,0x0000001fb2700000)]

Stack: [0x0000001fb2600000,0x0000001fb2700000]
Native frames: (J=compiled Java code, j=interpreted, Vv=VM code, C=native code)
V  [jvm.dll+0x6886e9]
V  [jvm.dll+0x841e4a]
V  [jvm.dll+0x843a8e]
V  [jvm.dll+0x8440f3]
V  [jvm.dll+0x24c14f]
V  [jvm.dll+0x685499]
V  [jvm.dll+0x679c2a]
V  [jvm.dll+0x30cf9b]
V  [jvm.dll+0x314446]
V  [jvm.dll+0x36425e]
V  [jvm.dll+0x36448f]
V  [jvm.dll+0x2e2d68]
V  [jvm.dll+0x2e3cd4]
V  [jvm.dll+0x8129f1]
V  [jvm.dll+0x3720c1]
V  [jvm.dll+0x7f152c]
V  [jvm.dll+0x3f5d4f]
V  [jvm.dll+0x3f7981]
C  [jli.dll+0x528f]
C  [ucrtbase.dll+0x29363]
C  [KERNEL32.DLL+0x1257d]
C  [ntdll.dll+0x5aa58]


---------------  P R O C E S S  ---------------

Threads class SMR info:
_java_thread_list=0x00007ffd5be0ef18, length=0, elements={
}

Java Threads: ( => current thread )

Other Threads:
  0x0000020d0d22d9e0 GCTaskThread "GC Thread#0" [stack: 0x0000001fb2700000,0x0000001fb2800000] [id=18568]
  0x0000020d0d23e1f0 ConcurrentGCThread "G1 Main Marker" [stack: 0x0000001fb2800000,0x0000001fb2900000] [id=17540]
  0x0000020d0d23f3b0 ConcurrentGCThread "G1 Conc#0" [stack: 0x0000001fb2900000,0x0000001fb2a00000] [id=18676]

[error occurred during error reporting (printing all threads), id 0xc0000005, EXCEPTION_ACCESS_VIOLATION (0xc0000005) at pc=0x00007ffd5b5c3937]

VM state: not at safepoint (not fully initialized)

VM Mutex/Monitor currently owned by a thread:  ([mutex/lock_event])
[0x0000020d0d1d09b0] Heap_lock - owner thread: 0x0000020d0d1d6670

Heap address: 0x0000000083a00000, size: 1990 MB, Compressed Oops mode: 32-bit

CDS archive(s) mapped at: [0x0000000000000000-0x0000000000000000-0x0000000000000000), size 0, SharedBaseAddress: 0x0000000800000000, ArchiveRelocationMode: 1.
Narrow klass base: 0x0000000000000000, Narrow klass shift: 0, Narrow klass range: 0x0

GC Precious Log:
<Empty>

Heap:
 garbage-first heap   total 0K, used 0K [0x0000000083a00000, 0x0000000100000000)
  region size 1024K, 0 young (0K), 0 survivors (0K)
 Metaspace       used 0K, committed 0K, reserved 0K
  class space    used 0K, committed 0K, reserved 0K

Heap Regions: E=young(eden), S=young(survivor), O=old, HS=humongous(starts), HC=humongous(continues), CS=collection set, F=free, OA=open archive, CA=closed archive, TAMS=top-at-mark-start (previous, next)

Card table byte_map: [0x0000020d1fd40000,0x0000020d20130000] _byte_map_base: 0x0000020d1f923000

Marking Bits (Prev, Next): (CMBitMap*) 0x0000020d0d22e000, (CMBitMap*) 0x0000020d0d22e040
 Prev Bits: [0x0000020d20520000, 0x0000020d22438000)
 Next Bits: [0x0000020d22440000, 0x0000020d24358000)

GC Heap History (0 events):
No events

Dll operation events (1 events):
Event: 0.007 Loaded shared library C:\Program Files\JetBrains\IntelliJ IDEA Community Edition 2023.2.5\jbr\bin\java.dll

Deoptimization events (0 events):
No events

Classes unloaded (0 events):
No events

Classes redefined (0 events):
No events

Internal exceptions (0 events):
No events

VM Operations (0 events):
No events

Events (0 events):
No events


Dynamic libraries:
0x00007ff7d0ce0000 - 0x00007ff7d0cea000 	C:\Program Files\JetBrains\IntelliJ IDEA Community Edition 2023.2.5\jbr\bin\java.exe
0x00007ffdd3750000 - 0x00007ffdd3967000 	C:\WINDOWS\SYSTEM32\ntdll.dll
0x00007ffdd2f60000 - 0x00007ffdd3024000 	C:\WINDOWS\System32\KERNEL32.DLL
0x00007ffdd0fd0000 - 0x00007ffdd1376000 	C:\WINDOWS\System32\KERNELBASE.dll
0x00007ffdd0eb0000 - 0x00007ffdd0fc1000 	C:\WINDOWS\System32\ucrtbase.dll
0x00007ffdaf470000 - 0x00007ffdaf48b000 	C:\Program Files\JetBrains\IntelliJ IDEA Community Edition 2023.2.5\jbr\bin\VCRUNTIME140.dll
0x00007ffdc2350000 - 0x00007ffdc2367000 	C:\Program Files\JetBrains\IntelliJ IDEA Community Edition 2023.2.5\jbr\bin\jli.dll
0x00007ffdd1ff0000 - 0x00007ffdd219e000 	C:\WINDOWS\System32\USER32.dll
0x00007ffdd0d90000 - 0x00007ffdd0db6000 	C:\WINDOWS\System32\win32u.dll
0x00007ffdba490000 - 0x00007ffdba723000 	C:\WINDOWS\WinSxS\amd64_microsoft.windows.common-controls_6595b64144ccf1df_6.0.22621.2506_none_270c5ae97388e100\COMCTL32.dll
0x00007ffdd2c10000 - 0x00007ffdd2c39000 	C:\WINDOWS\System32\GDI32.dll
0x00007ffdd3320000 - 0x00007ffdd33c7000 	C:\WINDOWS\System32\msvcrt.dll
0x00007ffdd1380000 - 0x00007ffdd1498000 	C:\WINDOWS\System32\gdi32full.dll
0x00007ffdd0cf0000 - 0x00007ffdd0d8a000 	C:\WINDOWS\System32\msvcp_win.dll
0x00007ffdd1d60000 - 0x00007ffdd1d91000 	C:\WINDOWS\System32\IMM32.DLL
0x00007ffdca180000 - 0x00007ffdca18c000 	C:\Program Files\JetBrains\IntelliJ IDEA Community Edition 2023.2.5\jbr\bin\vcruntime140_1.dll
0x00007ffd9b3e0000 - 0x00007ffd9b46d000 	C:\Program Files\JetBrains\IntelliJ IDEA Community Edition 2023.2.5\jbr\bin\msvcp140.dll
0x00007ffd5b2d0000 - 0x00007ffd5bf53000 	C:\Program Files\JetBrains\IntelliJ IDEA Community Edition 2023.2.5\jbr\bin\server\jvm.dll
0x00007ffdd3260000 - 0x00007ffdd3311000 	C:\WINDOWS\System32\ADVAPI32.dll
0x00007ffdd3660000 - 0x00007ffdd3705000 	C:\WINDOWS\System32\sechost.dll
0x00007ffdd3530000 - 0x00007ffdd3647000 	C:\WINDOWS\System32\RPCRT4.dll
0x00007ffdd0990000 - 0x00007ffdd09dd000 	C:\WINDOWS\SYSTEM32\POWRPROF.dll
0x00007ffdc0b90000 - 0x00007ffdc0b99000 	C:\WINDOWS\SYSTEM32\WSOCK32.dll
0x00007ffdd2b90000 - 0x00007ffdd2c01000 	C:\WINDOWS\System32\WS2_32.dll
0x00007ffdca080000 - 0x00007ffdca0b4000 	C:\WINDOWS\SYSTEM32\WINMM.dll
0x00007ffdc9af0000 - 0x00007ffdc9afa000 	C:\WINDOWS\SYSTEM32\VERSION.dll
0x00007ffdd0970000 - 0x00007ffdd0983000 	C:\WINDOWS\SYSTEM32\UMPDC.dll
0x00007ffdcfac0000 - 0x00007ffdcfad8000 	C:\WINDOWS\SYSTEM32\kernel.appcore.dll
0x00007ffdcadb0000 - 0x00007ffdcadba000 	C:\Program Files\JetBrains\IntelliJ IDEA Community Edition 2023.2.5\jbr\bin\jimage.dll
0x00007ffdce310000 - 0x00007ffdce543000 	C:\WINDOWS\SYSTEM32\DBGHELP.DLL
0x00007ffdd2800000 - 0x00007ffdd2b89000 	C:\WINDOWS\System32\combase.dll
0x00007ffdd21a0000 - 0x00007ffdd2277000 	C:\WINDOWS\System32\OLEAUT32.dll
0x00007ffdc8bd0000 - 0x00007ffdc8c02000 	C:\WINDOWS\SYSTEM32\dbgcore.DLL
0x00007ffdd0e30000 - 0x00007ffdd0eaa000 	C:\WINDOWS\System32\bcryptPrimitives.dll
0x00007ffdc4700000 - 0x00007ffdc4725000 	C:\Program Files\JetBrains\IntelliJ IDEA Community Edition 2023.2.5\jbr\bin\java.dll

dbghelp: loaded successfully - version: 4.0.5 - missing functions: none
symbol engine: initialized successfully - sym options: 0x614 - pdb path: .;C:\Program Files\JetBrains\IntelliJ IDEA Community Edition 2023.2.5\jbr\bin;C:\WINDOWS\SYSTEM32;C:\WINDOWS\WinSxS\amd64_microsoft.windows.common-controls_6595b64144ccf1df_6.0.22621.2506_none_270c5ae97388e100;C:\Program Files\JetBrains\IntelliJ IDEA Community Edition 2023.2.5\jbr\bin\server

VM Arguments:
java_command: git4idea.http.GitAskPassApp Username for 'https://github.com': 
java_class_path (initial): C:/Program Files/JetBrains/IntelliJ IDEA Community Edition 2023.2.5/plugins/vcs-git/lib/git4idea-rt.jar;C:/Program Files/JetBrains/IntelliJ IDEA Community Edition 2023.2.5/lib/externalProcess-rt.jar
Launcher Type: SUN_STANDARD

[Global flags]
     intx CICompilerCount                          = 3                                         {product} {ergonomic}
     uint ConcGCThreads                            = 1                                         {product} {ergonomic}
     uint G1ConcRefinementThreads                  = 4                                         {product} {ergonomic}
   size_t G1HeapRegionSize                         = 1048576                                   {product} {ergonomic}
    uintx GCDrainStackTargetSize                   = 64                                        {product} {ergonomic}
   size_t InitialHeapSize                          = 132120576                                 {product} {ergonomic}
   size_t MarkStackSize                            = 4194304                                   {product} {ergonomic}
   size_t MaxHeapSize                              = 2086666240                                {product} {ergonomic}
   size_t MinHeapDeltaBytes                        = 1048576                                   {product} {ergonomic}
   size_t MinHeapSize                              = 8388608                                   {product} {ergonomic}
    uintx NonNMethodCodeHeapSize                   = 5832780                                {pd product} {ergonomic}
    uintx NonProfiledCodeHeapSize                  = 122912730                              {pd product} {ergonomic}
    uintx ProfiledCodeHeapSize                     = 122912730                              {pd product} {ergonomic}
    uintx ReservedCodeCacheSize                    = 251658240                              {pd product} {ergonomic}
     bool SegmentedCodeCache                       = true                                      {product} {ergonomic}
   size_t SoftMaxHeapSize                          = 2086666240                             {manageable} {ergonomic}
     bool UseCompressedClassPointers               = true                           {product lp64_product} {ergonomic}
     bool UseCompressedOops                        = true                           {product lp64_product} {ergonomic}
     bool UseG1GC                                  = true                                      {product} {ergonomic}
     bool UseLargePagesIndividualAllocation        = false                                  {pd product} {ergonomic}

Logging:
Log output configuration:
 #0: stdout all=warning uptime,level,tags
 #1: stderr all=off uptime,level,tags

Environment Variables:
JAVA_HOME=C:\Program Files\Java\jdk-18.0.2.1
PATH=C:/Program Files/Git/mingw64/libexec/git-core;C:/Program Files/Git/mingw64/libexec/git-core;C:\Program Files\Git\mingw64\bin;C:\Program Files\Git\usr\bin;C:\Users\sonam\bin;"C:\Program Files\Common Files\Oracle\Java\javapath;C:\Program Files\Java\jdk-18.0.2.1\bin";C:\WINDOWS\system32;C:\WINDOWS;C:\WINDOWS\System32\Wbem;C:\WINDOWS\System32\WindowsPowerShell\v1.0\;C:\WINDOWS\System32\OpenSSH\;C:\Program Files\dotnet\;C:\Program Files\Git\cmd;C:\Users\sonam\AppData\Local\Microsoft\WindowsApps;C:\Users\sonam\AppData\Local\GitHubDesktop\bin
USERNAME=sonam
DISPLAY=:0.0
LC_ALL=en_US.UTF-8
TERM=xterm-256color
TMPDIR=C:\Users\sonam\AppData\Local\Temp
OS=Windows_NT
PROCESSOR_IDENTIFIER=Intel64 Family 6 Model 126 Stepping 5, GenuineIntel
TMP=C:\Users\sonam\AppData\Local\Temp
TEMP=C:\Users\sonam\AppData\Local\Temp



Periodic native trim disabled

JNI global refs:
JNI global refs: 0, weak refs: 0

JNI global refs memory usage: 0, weak refs: 0

OOME stack traces (most recent first):
Classloader memory used:


---------------  S Y S T E M  ---------------

OS:
 Windows 11 , 64 bit Build 22621 (10.0.22621.2506)
OS uptime: 1 days 1:09 hours

CPU: total 4 (initial active 4) (2 cores per cpu, 2 threads per core) family 6 model 126 stepping 5 microcode 0xc2, cx8, cmov, fxsr, ht, mmx, 3dnowpref, sse, sse2, sse3, ssse3, sse4.1, sse4.2, popcnt, lzcnt, tsc, tscinvbit, avx, avx2, aes, erms, clmul, bmi1, bmi2, adx, avx512f, avx512dq, avx512cd, avx512bw, avx512vl, sha, fma, vzeroupper, avx512_vpopcntdq, avx512_vpclmulqdq, avx512_vaes, avx512_vnni, clflush, clflushopt, avx512_vbmi2, avx512_vbmi
Processor Information for all 4 processors :
  Max Mhz: 1190, Current Mhz: 1190, Mhz Limit: 1190

Memory: 4k page, system-wide physical 7958M (1248M free)
TotalPageFile size 10006M (AvailPageFile size 107M)
current process WorkingSet (physical memory assigned to process): 11M, peak: 11M
current process commit charge ("private bytes"): 52M, peak: 178M

vm_info: OpenJDK 64-Bit Server VM (17.0.9+7-b1087.7) for windows-amd64 JRE (17.0.9+7-b1087.7), built on 2023-11-17 by "builduser" with MS VC++ 16.10 / 16.11 (VS2019)

END.
